<?xml version="1.0" encoding="UTF-8"?>
<!-- Generated by org.testng.reporters.JUnitReportReporter -->
<testsuite hostname="Ameet" failures="0" tests="18" name="testcases.RestAssured_TestCases_PL1" time="55.246" errors="0" timestamp="2024-11-19T11:47:02 IST" skipped="0">
  <testcase classname="testcases.RestAssured_TestCases_PL1" name="createAppointmentTest" time="26.500"/>
  <testcase classname="testcases.RestAssured_TestCases_PL1" name="getAllApplicableDoctors" time="2.313"/>
  <testcase classname="testcases.RestAssured_TestCases_PL1" name="cancelAppointmentTest" time="0.567"/>
  <testcase classname="testcases.RestAssured_TestCases_PL1" name="clashAppointmentTest" time="1.116"/>
  <testcase classname="testcases.RestAssured_TestCases_PL1" name="searchPatientTest" time="1.017"/>
  <testcase classname="testcases.RestAssured_TestCases_PL1" name="BookingListTest" time="4.920"/>
  <testcase classname="testcases.RestAssured_TestCases_PL1" name="AllStockDetailsTest" time="6.519"/>
  <testcase classname="testcases.RestAssured_TestCases_PL1" name="MainStoreTest" time="1.141"/>
  <testcase classname="testcases.RestAssured_TestCases_PL1" name="PharmacyStoreTest" time="0.517"/>
  <testcase classname="testcases.RestAssured_TestCases_PL1" name="PatientConsumptionTest" time="1.487"/>
  <testcase classname="testcases.RestAssured_TestCases_PL1" name="ActivatePharmCountTest" time="0.788"/>
  <testcase classname="testcases.RestAssured_TestCases_PL1" name="DeactivatePharmCountTest" time="0.579"/>
  <testcase classname="testcases.RestAssured_TestCases_PL1" name="AppointApplicDeptTest" time="0.870"/>
  <testcase classname="testcases.RestAssured_TestCases_PL1" name="AdmittedPatientsData" time="0.883"/>
  <testcase classname="testcases.RestAssured_TestCases_PL1" name="addcurrencyTest" time="2.246"/>
  <testcase classname="testcases.RestAssured_TestCases_PL1" name="findMatchingPatientTest" time="0.625"/>
  <testcase classname="testcases.RestAssured_TestCases_PL1" name="getAllRegisteredPatientsTest" time="2.663"/>
  <testcase classname="testcases.RestAssured_TestCases_PL1" name="getAllBillingCounters" time="0.495"/>
</testsuite> <!-- testcases.RestAssured_TestCases_PL1 -->
